D:\FACULTATE\ANUL III\SEMESTRUL I\EGC\TEME\TEMA 3\LAB_GL_3_STUDENT\DEBUG\MAIN.OBJ
D:\FACULTATE\ANUL III\SEMESTRUL I\EGC\TEME\TEMA 3\LAB_GL_3_STUDENT\DEBUG\STADIUM.OBJ
D:\FACULTATE\ANUL III\SEMESTRUL I\EGC\TEME\TEMA 3\LAB_GL_3_STUDENT\DEBUG\VC110.PDB
D:\FACULTATE\ANUL III\SEMESTRUL I\EGC\TEME\TEMA 3\LAB_GL_3_STUDENT\DEBUG\ENEMY.OBJ
D:\FACULTATE\ANUL III\SEMESTRUL I\EGC\TEME\TEMA 3\LAB_GL_3_STUDENT\DEBUG\FLAG.OBJ
D:\FACULTATE\ANUL III\SEMESTRUL I\EGC\TEME\TEMA 3\LAB_GL_3_STUDENT\DEBUG\LAB_GL_3.ILK
D:\FACULTATE\ANUL III\SEMESTRUL I\EGC\TEME\TEMA 3\LAB_GL_3_STUDENT\DEBUG\LAB_GL_3.EXE
D:\FACULTATE\ANUL III\SEMESTRUL I\EGC\TEME\TEMA 3\LAB_GL_3_STUDENT\DEBUG\LAB_GL_3.PDB
D:\Facultate\Anul III\Semestrul I\EGC\Teme\Tema 3\lab_gl_3_student\Debug\Enemy.obj
D:\Facultate\Anul III\Semestrul I\EGC\Teme\Tema 3\lab_gl_3_student\Debug\Flag.obj
D:\Facultate\Anul III\Semestrul I\EGC\Teme\Tema 3\lab_gl_3_student\Debug\main.obj
D:\Facultate\Anul III\Semestrul I\EGC\Teme\Tema 3\lab_gl_3_student\Debug\Stadium.obj
D:\Facultate\Anul III\Semestrul I\EGC\Teme\Tema 3\lab_gl_3_student\Debug\lab_gl_3.ilk
D:\Facultate\Anul III\Semestrul I\EGC\Teme\Tema 3\lab_gl_3_student\Debug\cl.command.1.tlog
D:\Facultate\Anul III\Semestrul I\EGC\Teme\Tema 3\lab_gl_3_student\Debug\CL.read.1.tlog
D:\Facultate\Anul III\Semestrul I\EGC\Teme\Tema 3\lab_gl_3_student\Debug\CL.write.1.tlog
D:\Facultate\Anul III\Semestrul I\EGC\Teme\Tema 3\lab_gl_3_student\Debug\link-cvtres.read.1.tlog
D:\Facultate\Anul III\Semestrul I\EGC\Teme\Tema 3\lab_gl_3_student\Debug\link-cvtres.write.1.tlog
D:\Facultate\Anul III\Semestrul I\EGC\Teme\Tema 3\lab_gl_3_student\Debug\link-rc.read.1.tlog
D:\Facultate\Anul III\Semestrul I\EGC\Teme\Tema 3\lab_gl_3_student\Debug\link-rc.write.1.tlog
D:\Facultate\Anul III\Semestrul I\EGC\Teme\Tema 3\lab_gl_3_student\Debug\link.10384-cvtres.read.1.tlog
D:\Facultate\Anul III\Semestrul I\EGC\Teme\Tema 3\lab_gl_3_student\Debug\link.10384-cvtres.write.1.tlog
D:\Facultate\Anul III\Semestrul I\EGC\Teme\Tema 3\lab_gl_3_student\Debug\link.10384-rc.read.1.tlog
D:\Facultate\Anul III\Semestrul I\EGC\Teme\Tema 3\lab_gl_3_student\Debug\link.10384-rc.write.1.tlog
D:\Facultate\Anul III\Semestrul I\EGC\Teme\Tema 3\lab_gl_3_student\Debug\link.10384.read.1.tlog
D:\Facultate\Anul III\Semestrul I\EGC\Teme\Tema 3\lab_gl_3_student\Debug\link.10384.write.1.tlog
D:\Facultate\Anul III\Semestrul I\EGC\Teme\Tema 3\lab_gl_3_student\Debug\link.10704-cvtres.read.1.tlog
D:\Facultate\Anul III\Semestrul I\EGC\Teme\Tema 3\lab_gl_3_student\Debug\link.10704-cvtres.write.1.tlog
D:\Facultate\Anul III\Semestrul I\EGC\Teme\Tema 3\lab_gl_3_student\Debug\link.10704-rc.read.1.tlog
D:\Facultate\Anul III\Semestrul I\EGC\Teme\Tema 3\lab_gl_3_student\Debug\link.10704-rc.write.1.tlog
D:\Facultate\Anul III\Semestrul I\EGC\Teme\Tema 3\lab_gl_3_student\Debug\link.10704.read.1.tlog
D:\Facultate\Anul III\Semestrul I\EGC\Teme\Tema 3\lab_gl_3_student\Debug\link.10704.write.1.tlog
D:\Facultate\Anul III\Semestrul I\EGC\Teme\Tema 3\lab_gl_3_student\Debug\link.10748-cvtres.read.1.tlog
D:\Facultate\Anul III\Semestrul I\EGC\Teme\Tema 3\lab_gl_3_student\Debug\link.10748-cvtres.write.1.tlog
D:\Facultate\Anul III\Semestrul I\EGC\Teme\Tema 3\lab_gl_3_student\Debug\link.10748-rc.read.1.tlog
D:\Facultate\Anul III\Semestrul I\EGC\Teme\Tema 3\lab_gl_3_student\Debug\link.10748-rc.write.1.tlog
D:\Facultate\Anul III\Semestrul I\EGC\Teme\Tema 3\lab_gl_3_student\Debug\link.10748.read.1.tlog
D:\Facultate\Anul III\Semestrul I\EGC\Teme\Tema 3\lab_gl_3_student\Debug\link.10748.write.1.tlog
D:\Facultate\Anul III\Semestrul I\EGC\Teme\Tema 3\lab_gl_3_student\Debug\link.11020-cvtres.read.1.tlog
D:\Facultate\Anul III\Semestrul I\EGC\Teme\Tema 3\lab_gl_3_student\Debug\link.11020-cvtres.write.1.tlog
D:\Facultate\Anul III\Semestrul I\EGC\Teme\Tema 3\lab_gl_3_student\Debug\link.11020-rc.read.1.tlog
D:\Facultate\Anul III\Semestrul I\EGC\Teme\Tema 3\lab_gl_3_student\Debug\link.11020-rc.write.1.tlog
D:\Facultate\Anul III\Semestrul I\EGC\Teme\Tema 3\lab_gl_3_student\Debug\link.11020.read.1.tlog
D:\Facultate\Anul III\Semestrul I\EGC\Teme\Tema 3\lab_gl_3_student\Debug\link.11020.write.1.tlog
D:\Facultate\Anul III\Semestrul I\EGC\Teme\Tema 3\lab_gl_3_student\Debug\link.1792-cvtres.read.1.tlog
D:\Facultate\Anul III\Semestrul I\EGC\Teme\Tema 3\lab_gl_3_student\Debug\link.1792-cvtres.write.1.tlog
D:\Facultate\Anul III\Semestrul I\EGC\Teme\Tema 3\lab_gl_3_student\Debug\link.1792-rc.read.1.tlog
D:\Facultate\Anul III\Semestrul I\EGC\Teme\Tema 3\lab_gl_3_student\Debug\link.1792-rc.write.1.tlog
D:\Facultate\Anul III\Semestrul I\EGC\Teme\Tema 3\lab_gl_3_student\Debug\link.1792.read.1.tlog
D:\Facultate\Anul III\Semestrul I\EGC\Teme\Tema 3\lab_gl_3_student\Debug\link.1792.write.1.tlog
D:\Facultate\Anul III\Semestrul I\EGC\Teme\Tema 3\lab_gl_3_student\Debug\link.1888-cvtres.read.1.tlog
D:\Facultate\Anul III\Semestrul I\EGC\Teme\Tema 3\lab_gl_3_student\Debug\link.1888-cvtres.write.1.tlog
D:\Facultate\Anul III\Semestrul I\EGC\Teme\Tema 3\lab_gl_3_student\Debug\link.1888-rc.read.1.tlog
D:\Facultate\Anul III\Semestrul I\EGC\Teme\Tema 3\lab_gl_3_student\Debug\link.1888-rc.write.1.tlog
D:\Facultate\Anul III\Semestrul I\EGC\Teme\Tema 3\lab_gl_3_student\Debug\link.1888.read.1.tlog
D:\Facultate\Anul III\Semestrul I\EGC\Teme\Tema 3\lab_gl_3_student\Debug\link.1888.write.1.tlog
D:\Facultate\Anul III\Semestrul I\EGC\Teme\Tema 3\lab_gl_3_student\Debug\link.3424-cvtres.read.1.tlog
D:\Facultate\Anul III\Semestrul I\EGC\Teme\Tema 3\lab_gl_3_student\Debug\link.3424-cvtres.write.1.tlog
D:\Facultate\Anul III\Semestrul I\EGC\Teme\Tema 3\lab_gl_3_student\Debug\link.3424-rc.read.1.tlog
D:\Facultate\Anul III\Semestrul I\EGC\Teme\Tema 3\lab_gl_3_student\Debug\link.3424-rc.write.1.tlog
D:\Facultate\Anul III\Semestrul I\EGC\Teme\Tema 3\lab_gl_3_student\Debug\link.3424.read.1.tlog
D:\Facultate\Anul III\Semestrul I\EGC\Teme\Tema 3\lab_gl_3_student\Debug\link.3424.write.1.tlog
D:\Facultate\Anul III\Semestrul I\EGC\Teme\Tema 3\lab_gl_3_student\Debug\link.3940-cvtres.read.1.tlog
D:\Facultate\Anul III\Semestrul I\EGC\Teme\Tema 3\lab_gl_3_student\Debug\link.3940-cvtres.write.1.tlog
D:\Facultate\Anul III\Semestrul I\EGC\Teme\Tema 3\lab_gl_3_student\Debug\link.3940-rc.read.1.tlog
D:\Facultate\Anul III\Semestrul I\EGC\Teme\Tema 3\lab_gl_3_student\Debug\link.3940-rc.write.1.tlog
D:\Facultate\Anul III\Semestrul I\EGC\Teme\Tema 3\lab_gl_3_student\Debug\link.3940.read.1.tlog
D:\Facultate\Anul III\Semestrul I\EGC\Teme\Tema 3\lab_gl_3_student\Debug\link.3940.write.1.tlog
D:\Facultate\Anul III\Semestrul I\EGC\Teme\Tema 3\lab_gl_3_student\Debug\link.4212-cvtres.read.1.tlog
D:\Facultate\Anul III\Semestrul I\EGC\Teme\Tema 3\lab_gl_3_student\Debug\link.4212-cvtres.write.1.tlog
D:\Facultate\Anul III\Semestrul I\EGC\Teme\Tema 3\lab_gl_3_student\Debug\link.4212-rc.read.1.tlog
D:\Facultate\Anul III\Semestrul I\EGC\Teme\Tema 3\lab_gl_3_student\Debug\link.4212-rc.write.1.tlog
D:\Facultate\Anul III\Semestrul I\EGC\Teme\Tema 3\lab_gl_3_student\Debug\link.4212.read.1.tlog
D:\Facultate\Anul III\Semestrul I\EGC\Teme\Tema 3\lab_gl_3_student\Debug\link.4212.write.1.tlog
D:\Facultate\Anul III\Semestrul I\EGC\Teme\Tema 3\lab_gl_3_student\Debug\link.4932-cvtres.read.1.tlog
D:\Facultate\Anul III\Semestrul I\EGC\Teme\Tema 3\lab_gl_3_student\Debug\link.4932-cvtres.write.1.tlog
D:\Facultate\Anul III\Semestrul I\EGC\Teme\Tema 3\lab_gl_3_student\Debug\link.4932-rc.read.1.tlog
D:\Facultate\Anul III\Semestrul I\EGC\Teme\Tema 3\lab_gl_3_student\Debug\link.4932-rc.write.1.tlog
D:\Facultate\Anul III\Semestrul I\EGC\Teme\Tema 3\lab_gl_3_student\Debug\link.4932.read.1.tlog
D:\Facultate\Anul III\Semestrul I\EGC\Teme\Tema 3\lab_gl_3_student\Debug\link.4932.write.1.tlog
D:\Facultate\Anul III\Semestrul I\EGC\Teme\Tema 3\lab_gl_3_student\Debug\link.5128-cvtres.read.1.tlog
D:\Facultate\Anul III\Semestrul I\EGC\Teme\Tema 3\lab_gl_3_student\Debug\link.5128-cvtres.write.1.tlog
D:\Facultate\Anul III\Semestrul I\EGC\Teme\Tema 3\lab_gl_3_student\Debug\link.5128-rc.read.1.tlog
D:\Facultate\Anul III\Semestrul I\EGC\Teme\Tema 3\lab_gl_3_student\Debug\link.5128-rc.write.1.tlog
D:\Facultate\Anul III\Semestrul I\EGC\Teme\Tema 3\lab_gl_3_student\Debug\link.5128.read.1.tlog
D:\Facultate\Anul III\Semestrul I\EGC\Teme\Tema 3\lab_gl_3_student\Debug\link.5128.write.1.tlog
D:\Facultate\Anul III\Semestrul I\EGC\Teme\Tema 3\lab_gl_3_student\Debug\link.5488-cvtres.read.1.tlog
D:\Facultate\Anul III\Semestrul I\EGC\Teme\Tema 3\lab_gl_3_student\Debug\link.5488-cvtres.write.1.tlog
D:\Facultate\Anul III\Semestrul I\EGC\Teme\Tema 3\lab_gl_3_student\Debug\link.5488-rc.read.1.tlog
D:\Facultate\Anul III\Semestrul I\EGC\Teme\Tema 3\lab_gl_3_student\Debug\link.5488-rc.write.1.tlog
D:\Facultate\Anul III\Semestrul I\EGC\Teme\Tema 3\lab_gl_3_student\Debug\link.5488.read.1.tlog
D:\Facultate\Anul III\Semestrul I\EGC\Teme\Tema 3\lab_gl_3_student\Debug\link.5488.write.1.tlog
D:\Facultate\Anul III\Semestrul I\EGC\Teme\Tema 3\lab_gl_3_student\Debug\link.5492-cvtres.read.1.tlog
D:\Facultate\Anul III\Semestrul I\EGC\Teme\Tema 3\lab_gl_3_student\Debug\link.5492-cvtres.write.1.tlog
D:\Facultate\Anul III\Semestrul I\EGC\Teme\Tema 3\lab_gl_3_student\Debug\link.5492-rc.read.1.tlog
D:\Facultate\Anul III\Semestrul I\EGC\Teme\Tema 3\lab_gl_3_student\Debug\link.5492-rc.write.1.tlog
D:\Facultate\Anul III\Semestrul I\EGC\Teme\Tema 3\lab_gl_3_student\Debug\link.5492.read.1.tlog
D:\Facultate\Anul III\Semestrul I\EGC\Teme\Tema 3\lab_gl_3_student\Debug\link.5492.write.1.tlog
D:\Facultate\Anul III\Semestrul I\EGC\Teme\Tema 3\lab_gl_3_student\Debug\link.5712-cvtres.read.1.tlog
D:\Facultate\Anul III\Semestrul I\EGC\Teme\Tema 3\lab_gl_3_student\Debug\link.5712-cvtres.write.1.tlog
D:\Facultate\Anul III\Semestrul I\EGC\Teme\Tema 3\lab_gl_3_student\Debug\link.5712-rc.read.1.tlog
D:\Facultate\Anul III\Semestrul I\EGC\Teme\Tema 3\lab_gl_3_student\Debug\link.5712-rc.write.1.tlog
D:\Facultate\Anul III\Semestrul I\EGC\Teme\Tema 3\lab_gl_3_student\Debug\link.5712.read.1.tlog
D:\Facultate\Anul III\Semestrul I\EGC\Teme\Tema 3\lab_gl_3_student\Debug\link.5712.write.1.tlog
D:\Facultate\Anul III\Semestrul I\EGC\Teme\Tema 3\lab_gl_3_student\Debug\link.6352-cvtres.read.1.tlog
D:\Facultate\Anul III\Semestrul I\EGC\Teme\Tema 3\lab_gl_3_student\Debug\link.6352-cvtres.write.1.tlog
D:\Facultate\Anul III\Semestrul I\EGC\Teme\Tema 3\lab_gl_3_student\Debug\link.6352-rc.read.1.tlog
D:\Facultate\Anul III\Semestrul I\EGC\Teme\Tema 3\lab_gl_3_student\Debug\link.6352-rc.write.1.tlog
D:\Facultate\Anul III\Semestrul I\EGC\Teme\Tema 3\lab_gl_3_student\Debug\link.6352.read.1.tlog
D:\Facultate\Anul III\Semestrul I\EGC\Teme\Tema 3\lab_gl_3_student\Debug\link.6352.write.1.tlog
D:\Facultate\Anul III\Semestrul I\EGC\Teme\Tema 3\lab_gl_3_student\Debug\link.6400-cvtres.read.1.tlog
D:\Facultate\Anul III\Semestrul I\EGC\Teme\Tema 3\lab_gl_3_student\Debug\link.6400-cvtres.write.1.tlog
D:\Facultate\Anul III\Semestrul I\EGC\Teme\Tema 3\lab_gl_3_student\Debug\link.6400-rc.read.1.tlog
D:\Facultate\Anul III\Semestrul I\EGC\Teme\Tema 3\lab_gl_3_student\Debug\link.6400-rc.write.1.tlog
D:\Facultate\Anul III\Semestrul I\EGC\Teme\Tema 3\lab_gl_3_student\Debug\link.6400.read.1.tlog
D:\Facultate\Anul III\Semestrul I\EGC\Teme\Tema 3\lab_gl_3_student\Debug\link.6400.write.1.tlog
D:\Facultate\Anul III\Semestrul I\EGC\Teme\Tema 3\lab_gl_3_student\Debug\link.6424-cvtres.read.1.tlog
D:\Facultate\Anul III\Semestrul I\EGC\Teme\Tema 3\lab_gl_3_student\Debug\link.6424-cvtres.write.1.tlog
D:\Facultate\Anul III\Semestrul I\EGC\Teme\Tema 3\lab_gl_3_student\Debug\link.6424-rc.read.1.tlog
D:\Facultate\Anul III\Semestrul I\EGC\Teme\Tema 3\lab_gl_3_student\Debug\link.6424-rc.write.1.tlog
D:\Facultate\Anul III\Semestrul I\EGC\Teme\Tema 3\lab_gl_3_student\Debug\link.6424.read.1.tlog
D:\Facultate\Anul III\Semestrul I\EGC\Teme\Tema 3\lab_gl_3_student\Debug\link.6424.write.1.tlog
D:\Facultate\Anul III\Semestrul I\EGC\Teme\Tema 3\lab_gl_3_student\Debug\link.6524-cvtres.read.1.tlog
D:\Facultate\Anul III\Semestrul I\EGC\Teme\Tema 3\lab_gl_3_student\Debug\link.6524-cvtres.write.1.tlog
D:\Facultate\Anul III\Semestrul I\EGC\Teme\Tema 3\lab_gl_3_student\Debug\link.6524-rc.read.1.tlog
D:\Facultate\Anul III\Semestrul I\EGC\Teme\Tema 3\lab_gl_3_student\Debug\link.6524-rc.write.1.tlog
D:\Facultate\Anul III\Semestrul I\EGC\Teme\Tema 3\lab_gl_3_student\Debug\link.6524.read.1.tlog
D:\Facultate\Anul III\Semestrul I\EGC\Teme\Tema 3\lab_gl_3_student\Debug\link.6524.write.1.tlog
D:\Facultate\Anul III\Semestrul I\EGC\Teme\Tema 3\lab_gl_3_student\Debug\link.6984-cvtres.read.1.tlog
D:\Facultate\Anul III\Semestrul I\EGC\Teme\Tema 3\lab_gl_3_student\Debug\link.6984-cvtres.write.1.tlog
D:\Facultate\Anul III\Semestrul I\EGC\Teme\Tema 3\lab_gl_3_student\Debug\link.6984-rc.read.1.tlog
D:\Facultate\Anul III\Semestrul I\EGC\Teme\Tema 3\lab_gl_3_student\Debug\link.6984-rc.write.1.tlog
D:\Facultate\Anul III\Semestrul I\EGC\Teme\Tema 3\lab_gl_3_student\Debug\link.6984.read.1.tlog
D:\Facultate\Anul III\Semestrul I\EGC\Teme\Tema 3\lab_gl_3_student\Debug\link.6984.write.1.tlog
D:\Facultate\Anul III\Semestrul I\EGC\Teme\Tema 3\lab_gl_3_student\Debug\link.7348-cvtres.read.1.tlog
D:\Facultate\Anul III\Semestrul I\EGC\Teme\Tema 3\lab_gl_3_student\Debug\link.7348-cvtres.write.1.tlog
D:\Facultate\Anul III\Semestrul I\EGC\Teme\Tema 3\lab_gl_3_student\Debug\link.7348-rc.read.1.tlog
D:\Facultate\Anul III\Semestrul I\EGC\Teme\Tema 3\lab_gl_3_student\Debug\link.7348-rc.write.1.tlog
D:\Facultate\Anul III\Semestrul I\EGC\Teme\Tema 3\lab_gl_3_student\Debug\link.7348.read.1.tlog
D:\Facultate\Anul III\Semestrul I\EGC\Teme\Tema 3\lab_gl_3_student\Debug\link.7348.write.1.tlog
D:\Facultate\Anul III\Semestrul I\EGC\Teme\Tema 3\lab_gl_3_student\Debug\link.7828-cvtres.read.1.tlog
D:\Facultate\Anul III\Semestrul I\EGC\Teme\Tema 3\lab_gl_3_student\Debug\link.7828-cvtres.write.1.tlog
D:\Facultate\Anul III\Semestrul I\EGC\Teme\Tema 3\lab_gl_3_student\Debug\link.7828-rc.read.1.tlog
D:\Facultate\Anul III\Semestrul I\EGC\Teme\Tema 3\lab_gl_3_student\Debug\link.7828-rc.write.1.tlog
D:\Facultate\Anul III\Semestrul I\EGC\Teme\Tema 3\lab_gl_3_student\Debug\link.7828.read.1.tlog
D:\Facultate\Anul III\Semestrul I\EGC\Teme\Tema 3\lab_gl_3_student\Debug\link.7828.write.1.tlog
D:\Facultate\Anul III\Semestrul I\EGC\Teme\Tema 3\lab_gl_3_student\Debug\link.7992-cvtres.read.1.tlog
D:\Facultate\Anul III\Semestrul I\EGC\Teme\Tema 3\lab_gl_3_student\Debug\link.7992-cvtres.write.1.tlog
D:\Facultate\Anul III\Semestrul I\EGC\Teme\Tema 3\lab_gl_3_student\Debug\link.7992-rc.read.1.tlog
D:\Facultate\Anul III\Semestrul I\EGC\Teme\Tema 3\lab_gl_3_student\Debug\link.7992-rc.write.1.tlog
D:\Facultate\Anul III\Semestrul I\EGC\Teme\Tema 3\lab_gl_3_student\Debug\link.7992.read.1.tlog
D:\Facultate\Anul III\Semestrul I\EGC\Teme\Tema 3\lab_gl_3_student\Debug\link.7992.write.1.tlog
D:\Facultate\Anul III\Semestrul I\EGC\Teme\Tema 3\lab_gl_3_student\Debug\link.8252-cvtres.read.1.tlog
D:\Facultate\Anul III\Semestrul I\EGC\Teme\Tema 3\lab_gl_3_student\Debug\link.8252-cvtres.write.1.tlog
D:\Facultate\Anul III\Semestrul I\EGC\Teme\Tema 3\lab_gl_3_student\Debug\link.8252-rc.read.1.tlog
D:\Facultate\Anul III\Semestrul I\EGC\Teme\Tema 3\lab_gl_3_student\Debug\link.8252-rc.write.1.tlog
D:\Facultate\Anul III\Semestrul I\EGC\Teme\Tema 3\lab_gl_3_student\Debug\link.8252.read.1.tlog
D:\Facultate\Anul III\Semestrul I\EGC\Teme\Tema 3\lab_gl_3_student\Debug\link.8252.write.1.tlog
D:\Facultate\Anul III\Semestrul I\EGC\Teme\Tema 3\lab_gl_3_student\Debug\link.9164-cvtres.read.1.tlog
D:\Facultate\Anul III\Semestrul I\EGC\Teme\Tema 3\lab_gl_3_student\Debug\link.9164-cvtres.write.1.tlog
D:\Facultate\Anul III\Semestrul I\EGC\Teme\Tema 3\lab_gl_3_student\Debug\link.9164-rc.read.1.tlog
D:\Facultate\Anul III\Semestrul I\EGC\Teme\Tema 3\lab_gl_3_student\Debug\link.9164-rc.write.1.tlog
D:\Facultate\Anul III\Semestrul I\EGC\Teme\Tema 3\lab_gl_3_student\Debug\link.9164.read.1.tlog
D:\Facultate\Anul III\Semestrul I\EGC\Teme\Tema 3\lab_gl_3_student\Debug\link.9164.write.1.tlog
D:\Facultate\Anul III\Semestrul I\EGC\Teme\Tema 3\lab_gl_3_student\Debug\link.command.1.tlog
D:\Facultate\Anul III\Semestrul I\EGC\Teme\Tema 3\lab_gl_3_student\Debug\link.read.1.tlog
D:\Facultate\Anul III\Semestrul I\EGC\Teme\Tema 3\lab_gl_3_student\Debug\link.write.1.tlog
D:\Facultate\Anul III\Semestrul I\EGC\Teme\Tema 3\lab_gl_3_student\Debug\vc110.idb
D:\Facultate\Anul III\Semestrul I\EGC\Teme\Tema 3\lab_gl_3_student\Debug\lab_gl_3.pdb
D:\Facultate\Anul III\Semestrul I\EGC\Teme\Tema 3\lab_gl_3_student\Debug\vc110.pdb
D:\Facultate\Anul III\Semestrul I\EGC\Teme\Tema 3\lab_gl_3_student\Debug\lab_gl_3.exe
